<?xml version="1.0" encoding="UTF-8"?>
<testsuite xmlns:xsi="http://www.w3.org/2001/XMLSchema-instance" xsi:noNamespaceSchemaLocation="https://maven.apache.org/surefire/maven-surefire-plugin/xsd/surefire-test-report.xsd" name="slack.impl.SlackClientImplTest" time="0.844" tests="2" errors="0" skipped="0" failures="0">
  <properties>
    <property name="sun.desktop" value="gnome"/>
    <property name="awt.toolkit" value="sun.awt.X11.XToolkit"/>
    <property name="file.encoding.pkg" value="sun.io"/>
    <property name="java.specification.version" value="1.8"/>
    <property name="sun.cpu.isalist" value=""/>
    <property name="sun.jnu.encoding" value="UTF-8"/>
    <property name="java.class.path" value="/home/kokokozhina/IdeaProjects/mrbot/slack-impl/target/test-classes:/home/kokokozhina/IdeaProjects/mrbot/slack-impl/target/classes:/home/kokokozhina/IdeaProjects/mrbot/msgr-client-api/target/msgr-client-api-0.1-SNAPSHOT.jar:/home/kokokozhina/.m2/repository/com/ullink/slack/simpleslackapi/1.2.0/simpleslackapi-1.2.0.jar:/home/kokokozhina/.m2/repository/com/google/code/gson/gson/2.7/gson-2.7.jar:/home/kokokozhina/.m2/repository/org/slf4j/slf4j-api/1.7.21/slf4j-api-1.7.21.jar:/home/kokokozhina/.m2/repository/org/apache/httpcomponents/httpclient/4.5.2/httpclient-4.5.2.jar:/home/kokokozhina/.m2/repository/org/apache/httpcomponents/httpcore/4.4.5/httpcore-4.4.5.jar:/home/kokokozhina/.m2/repository/commons-codec/commons-codec/1.10/commons-codec-1.10.jar:/home/kokokozhina/.m2/repository/org/apache/httpcomponents/httpmime/4.5.2/httpmime-4.5.2.jar:/home/kokokozhina/.m2/repository/org/threeten/threetenbp/1.3.1/threetenbp-1.3.1.jar:/home/kokokozhina/.m2/repository/org/glassfish/tyrus/bundles/tyrus-standalone-client/1.13.1/tyrus-standalone-client-1.13.1.jar:/home/kokokozhina/.m2/repository/javax/websocket/javax.websocket-api/1.1/javax.websocket-api-1.1.jar:/home/kokokozhina/.m2/repository/org/springframework/spring-core/4.3.4.RELEASE/spring-core-4.3.4.RELEASE.jar:/home/kokokozhina/.m2/repository/org/springframework/spring-beans/4.3.4.RELEASE/spring-beans-4.3.4.RELEASE.jar:/home/kokokozhina/.m2/repository/org/springframework/spring-context/4.3.4.RELEASE/spring-context-4.3.4.RELEASE.jar:/home/kokokozhina/.m2/repository/org/springframework/spring-aop/4.3.4.RELEASE/spring-aop-4.3.4.RELEASE.jar:/home/kokokozhina/.m2/repository/org/springframework/spring-expression/4.3.4.RELEASE/spring-expression-4.3.4.RELEASE.jar:/home/kokokozhina/.m2/repository/org/springframework/boot/spring-boot/1.4.2.RELEASE/spring-boot-1.4.2.RELEASE.jar:/home/kokokozhina/.m2/repository/org/springframework/boot/spring-boot-starter-test/1.4.2.RELEASE/spring-boot-starter-test-1.4.2.RELEASE.jar:/home/kokokozhina/.m2/repository/org/springframework/boot/spring-boot-test/1.4.2.RELEASE/spring-boot-test-1.4.2.RELEASE.jar:/home/kokokozhina/.m2/repository/org/springframework/boot/spring-boot-test-autoconfigure/1.4.2.RELEASE/spring-boot-test-autoconfigure-1.4.2.RELEASE.jar:/home/kokokozhina/.m2/repository/org/springframework/boot/spring-boot-autoconfigure/1.4.2.RELEASE/spring-boot-autoconfigure-1.4.2.RELEASE.jar:/home/kokokozhina/.m2/repository/com/jayway/jsonpath/json-path/2.2.0/json-path-2.2.0.jar:/home/kokokozhina/.m2/repository/net/minidev/json-smart/2.2.1/json-smart-2.2.1.jar:/home/kokokozhina/.m2/repository/net/minidev/accessors-smart/1.1/accessors-smart-1.1.jar:/home/kokokozhina/.m2/repository/org/ow2/asm/asm/5.0.3/asm-5.0.3.jar:/home/kokokozhina/.m2/repository/org/assertj/assertj-core/2.5.0/assertj-core-2.5.0.jar:/home/kokokozhina/.m2/repository/org/mockito/mockito-core/1.10.19/mockito-core-1.10.19.jar:/home/kokokozhina/.m2/repository/org/objenesis/objenesis/2.1/objenesis-2.1.jar:/home/kokokozhina/.m2/repository/org/hamcrest/hamcrest-core/1.3/hamcrest-core-1.3.jar:/home/kokokozhina/.m2/repository/org/hamcrest/hamcrest-library/1.3/hamcrest-library-1.3.jar:/home/kokokozhina/.m2/repository/org/skyscreamer/jsonassert/1.3.0/jsonassert-1.3.0.jar:/home/kokokozhina/.m2/repository/org/json/json/20140107/json-20140107.jar:/home/kokokozhina/.m2/repository/org/springframework/spring-test/4.3.4.RELEASE/spring-test-4.3.4.RELEASE.jar:/home/kokokozhina/.m2/repository/junit/junit/4.12/junit-4.12.jar:/home/kokokozhina/.m2/repository/commons-logging/commons-logging/1.2/commons-logging-1.2.jar:"/>
    <property name="java.vm.vendor" value="Oracle Corporation"/>
    <property name="sun.arch.data.model" value="64"/>
    <property name="java.vendor.url" value="http://java.oracle.com/"/>
    <property name="user.timezone" value=""/>
    <property name="java.vm.specification.version" value="1.8"/>
    <property name="os.name" value="Linux"/>
    <property name="user.country" value="US"/>
    <property name="sun.java.launcher" value="SUN_STANDARD"/>
    <property name="sun.boot.library.path" value="/usr/lib/jvm/java-8-oracle/jre/lib/amd64"/>
    <property name="sun.java.command" value="/home/kokokozhina/IdeaProjects/mrbot/slack-impl/target/surefire/surefirebooter5044877323314158327.jar /home/kokokozhina/IdeaProjects/mrbot/slack-impl/target/surefire 2018-05-20T16-16-59_976-jvmRun1 surefire7223859886633157069tmp surefire_07878040470221759088tmp"/>
    <property name="surefire.test.class.path" value="/home/kokokozhina/IdeaProjects/mrbot/slack-impl/target/test-classes:/home/kokokozhina/IdeaProjects/mrbot/slack-impl/target/classes:/home/kokokozhina/IdeaProjects/mrbot/msgr-client-api/target/msgr-client-api-0.1-SNAPSHOT.jar:/home/kokokozhina/.m2/repository/com/ullink/slack/simpleslackapi/1.2.0/simpleslackapi-1.2.0.jar:/home/kokokozhina/.m2/repository/com/google/code/gson/gson/2.7/gson-2.7.jar:/home/kokokozhina/.m2/repository/org/slf4j/slf4j-api/1.7.21/slf4j-api-1.7.21.jar:/home/kokokozhina/.m2/repository/org/apache/httpcomponents/httpclient/4.5.2/httpclient-4.5.2.jar:/home/kokokozhina/.m2/repository/org/apache/httpcomponents/httpcore/4.4.5/httpcore-4.4.5.jar:/home/kokokozhina/.m2/repository/commons-codec/commons-codec/1.10/commons-codec-1.10.jar:/home/kokokozhina/.m2/repository/org/apache/httpcomponents/httpmime/4.5.2/httpmime-4.5.2.jar:/home/kokokozhina/.m2/repository/org/threeten/threetenbp/1.3.1/threetenbp-1.3.1.jar:/home/kokokozhina/.m2/repository/org/glassfish/tyrus/bundles/tyrus-standalone-client/1.13.1/tyrus-standalone-client-1.13.1.jar:/home/kokokozhina/.m2/repository/javax/websocket/javax.websocket-api/1.1/javax.websocket-api-1.1.jar:/home/kokokozhina/.m2/repository/org/springframework/spring-core/4.3.4.RELEASE/spring-core-4.3.4.RELEASE.jar:/home/kokokozhina/.m2/repository/org/springframework/spring-beans/4.3.4.RELEASE/spring-beans-4.3.4.RELEASE.jar:/home/kokokozhina/.m2/repository/org/springframework/spring-context/4.3.4.RELEASE/spring-context-4.3.4.RELEASE.jar:/home/kokokozhina/.m2/repository/org/springframework/spring-aop/4.3.4.RELEASE/spring-aop-4.3.4.RELEASE.jar:/home/kokokozhina/.m2/repository/org/springframework/spring-expression/4.3.4.RELEASE/spring-expression-4.3.4.RELEASE.jar:/home/kokokozhina/.m2/repository/org/springframework/boot/spring-boot/1.4.2.RELEASE/spring-boot-1.4.2.RELEASE.jar:/home/kokokozhina/.m2/repository/org/springframework/boot/spring-boot-starter-test/1.4.2.RELEASE/spring-boot-starter-test-1.4.2.RELEASE.jar:/home/kokokozhina/.m2/repository/org/springframework/boot/spring-boot-test/1.4.2.RELEASE/spring-boot-test-1.4.2.RELEASE.jar:/home/kokokozhina/.m2/repository/org/springframework/boot/spring-boot-test-autoconfigure/1.4.2.RELEASE/spring-boot-test-autoconfigure-1.4.2.RELEASE.jar:/home/kokokozhina/.m2/repository/org/springframework/boot/spring-boot-autoconfigure/1.4.2.RELEASE/spring-boot-autoconfigure-1.4.2.RELEASE.jar:/home/kokokozhina/.m2/repository/com/jayway/jsonpath/json-path/2.2.0/json-path-2.2.0.jar:/home/kokokozhina/.m2/repository/net/minidev/json-smart/2.2.1/json-smart-2.2.1.jar:/home/kokokozhina/.m2/repository/net/minidev/accessors-smart/1.1/accessors-smart-1.1.jar:/home/kokokozhina/.m2/repository/org/ow2/asm/asm/5.0.3/asm-5.0.3.jar:/home/kokokozhina/.m2/repository/org/assertj/assertj-core/2.5.0/assertj-core-2.5.0.jar:/home/kokokozhina/.m2/repository/org/mockito/mockito-core/1.10.19/mockito-core-1.10.19.jar:/home/kokokozhina/.m2/repository/org/objenesis/objenesis/2.1/objenesis-2.1.jar:/home/kokokozhina/.m2/repository/org/hamcrest/hamcrest-core/1.3/hamcrest-core-1.3.jar:/home/kokokozhina/.m2/repository/org/hamcrest/hamcrest-library/1.3/hamcrest-library-1.3.jar:/home/kokokozhina/.m2/repository/org/skyscreamer/jsonassert/1.3.0/jsonassert-1.3.0.jar:/home/kokokozhina/.m2/repository/org/json/json/20140107/json-20140107.jar:/home/kokokozhina/.m2/repository/org/springframework/spring-test/4.3.4.RELEASE/spring-test-4.3.4.RELEASE.jar:/home/kokokozhina/.m2/repository/junit/junit/4.12/junit-4.12.jar:/home/kokokozhina/.m2/repository/commons-logging/commons-logging/1.2/commons-logging-1.2.jar:"/>
    <property name="sun.cpu.endian" value="little"/>
    <property name="user.home" value="/home/kokokozhina"/>
    <property name="user.language" value="en"/>
    <property name="java.specification.vendor" value="Oracle Corporation"/>
    <property name="java.home" value="/usr/lib/jvm/java-8-oracle/jre"/>
    <property name="basedir" value="/home/kokokozhina/IdeaProjects/mrbot/slack-impl"/>
    <property name="file.separator" value="/"/>
    <property name="line.separator" value="&#10;"/>
    <property name="java.vm.specification.vendor" value="Oracle Corporation"/>
    <property name="java.specification.name" value="Java Platform API Specification"/>
    <property name="java.awt.graphicsenv" value="sun.awt.X11GraphicsEnvironment"/>
    <property name="surefire.real.class.path" value="/home/kokokozhina/IdeaProjects/mrbot/slack-impl/target/surefire/surefirebooter5044877323314158327.jar"/>
    <property name="sun.boot.class.path" value="/usr/lib/jvm/java-8-oracle/jre/lib/resources.jar:/usr/lib/jvm/java-8-oracle/jre/lib/rt.jar:/usr/lib/jvm/java-8-oracle/jre/lib/sunrsasign.jar:/usr/lib/jvm/java-8-oracle/jre/lib/jsse.jar:/usr/lib/jvm/java-8-oracle/jre/lib/jce.jar:/usr/lib/jvm/java-8-oracle/jre/lib/charsets.jar:/usr/lib/jvm/java-8-oracle/jre/lib/jfr.jar:/usr/lib/jvm/java-8-oracle/jre/classes"/>
    <property name="sun.management.compiler" value="HotSpot 64-Bit Tiered Compilers"/>
    <property name="java.runtime.version" value="1.8.0_171-b11"/>
    <property name="user.name" value="kokokozhina"/>
    <property name="path.separator" value=":"/>
    <property name="os.version" value="4.13.0-41-generic"/>
    <property name="java.endorsed.dirs" value="/usr/lib/jvm/java-8-oracle/jre/lib/endorsed"/>
    <property name="java.runtime.name" value="Java(TM) SE Runtime Environment"/>
    <property name="file.encoding" value="UTF-8"/>
    <property name="java.vm.name" value="Java HotSpot(TM) 64-Bit Server VM"/>
    <property name="localRepository" value="/home/kokokozhina/.m2/repository"/>
    <property name="java.vendor.url.bug" value="http://bugreport.sun.com/bugreport/"/>
    <property name="java.io.tmpdir" value="/tmp"/>
    <property name="java.version" value="1.8.0_171"/>
    <property name="user.dir" value="/home/kokokozhina/IdeaProjects/mrbot/slack-impl"/>
    <property name="os.arch" value="amd64"/>
    <property name="java.vm.specification.name" value="Java Virtual Machine Specification"/>
    <property name="java.awt.printerjob" value="sun.print.PSPrinterJob"/>
    <property name="sun.os.patch.level" value="unknown"/>
    <property name="java.library.path" value="/usr/java/packages/lib/amd64:/usr/lib64:/lib64:/lib:/usr/lib"/>
    <property name="java.vm.info" value="mixed mode"/>
    <property name="java.vendor" value="Oracle Corporation"/>
    <property name="java.vm.version" value="25.171-b11"/>
    <property name="java.ext.dirs" value="/usr/lib/jvm/java-8-oracle/jre/lib/ext:/usr/java/packages/lib/ext"/>
    <property name="sun.io.unicode.encoding" value="UnicodeLittle"/>
    <property name="java.class.version" value="52.0"/>
  </properties>
  <testcase name="postToSlackByChannelNameTest" classname="slack.impl.SlackClientImplTest" time="0.011"/>
  <testcase name="getChannelsTest" classname="slack.impl.SlackClientImplTest" time="0.01"/>
</testsuite>